<?xml version="1.0" encoding="UTF-8"?>
<!-- Generated by org.testng.reporters.JUnitXMLReporter -->
<testsuite hostname="Meghas-MBP" ignored="0" name="Test" tests="20" failures="0" timestamp="2021-04-17T05:14:35 EDT" time="13.147" errors="0">
  <testcase name="loginTest" time="0.007" classname="com.test.TestNgFeatures"/>
  <testcase name="HomePageTest" time="0.001" classname="com.test.TestNgFeatures"/>
  <testcase name="googleTitleTest" time="0.005" classname="com.test.TestNgBasics"/>
  <testcase name="test4" time="0.001" classname="com.test.TestNgBasics"/>
  <testcase name="mailLinkTest" time="0.048" classname="com.test.TestNgBasics"/>
  <testcase name="googleLogoTest" time="0.032" classname="com.test.TestNgBasics"/>
  <testcase name="test1" time="0.0" classname="com.test.ExpectedException"/>
  <testcase name="googleLogoTest" time="0.031" classname="com.test.GoogleTitleTest"/>
  <testcase name="googleTitleTest" time="0.006" classname="com.test.GoogleTitleTest"/>
  <testcase name="sum" time="0.001" classname="com.test.InvocationCountTest"/>
  <testcase name="sum" time="0.001" classname="com.test.InvocationCountTest"/>
  <testcase name="sum" time="0.001" classname="com.test.InvocationCountTest"/>
  <testcase name="sum" time="0.001" classname="com.test.InvocationCountTest"/>
  <testcase name="sum" time="0.0" classname="com.test.InvocationCountTest"/>
  <testcase name="sum" time="0.001" classname="com.test.InvocationCountTest"/>
  <testcase name="sum" time="0.0" classname="com.test.InvocationCountTest"/>
  <testcase name="sum" time="0.001" classname="com.test.InvocationCountTest"/>
  <testcase name="sum" time="0.001" classname="com.test.InvocationCountTest"/>
  <testcase name="sum" time="0.001" classname="com.test.InvocationCountTest"/>
  <testcase name="infintLoopTest" time="0.004" classname="com.test.ExceptionTimeOutTest"/>
</testsuite> <!-- Test -->
