<?xml version="1.0" encoding="UTF-8"?>
<!-- Generated by org.testng.reporters.JUnitXMLReporter -->
<testsuite hostname="Meghas-MBP" ignored="0" name="BestBuy App Test" tests="3" failures="1" timestamp="2021-04-18T22:22:06 EDT" time="0.086" errors="0">
  <testcase name="@AfterMethod tearDown" time="0.001" classname="com.parameters.ParameterTest">
    <failure type="java.lang.NullPointerException">
      <![CDATA[java.lang.NullPointerException
at com.parameters.ParameterTest.tearDown(ParameterTest.java:67)
at java.util.ArrayList.forEach(ArrayList.java:1259)
... Removed 32 stack frames]]>
    </failure>
  </testcase> <!-- @AfterMethod tearDown -->
  <testcase name="@AfterMethod tearDown" time="-1.618798926414E9" classname="com.parameters.ParameterTest">
    <skipped/>
  </testcase> <!-- @AfterMethod tearDown -->
  <testcase name="@AfterMethod tearDown" time="-1.61879892642E9" classname="com.parameters.ParameterTest">
    <skipped/>
  </testcase> <!-- @AfterMethod tearDown -->
  <testcase name="expressTitleTest" time="0.012" classname="com.parameters.ParameterTest">
    <failure type="java.lang.NullPointerException">
      <![CDATA[java.lang.NullPointerException
at com.parameters.ParameterTest.expressTitleTest(ParameterTest.java:40)
at java.util.ArrayList.forEach(ArrayList.java:1259)
... Removed 27 stack frames]]>
    </failure>
  </testcase> <!-- expressTitleTest -->
  <testcase name="login" time="0.0" classname="com.parameters.ParameterTest">
    <skipped/>
  </testcase> <!-- login -->
  <testcase name="setUp" time="0.0" classname="com.parameters.ParameterTest">
    <skipped/>
  </testcase> <!-- setUp -->
</testsuite> <!-- BestBuy App Test -->
